mode: set
github.com/suwaroj-se/assessment/expense/create.go:10.60,13.16 3 1
github.com/suwaroj-se/assessment/expense/create.go:17.2,19.16 3 1
github.com/suwaroj-se/assessment/expense/create.go:23.2,23.39 1 1
github.com/suwaroj-se/assessment/expense/create.go:13.16,15.3 1 1
github.com/suwaroj-se/assessment/expense/create.go:19.16,21.3 1 1
github.com/suwaroj-se/assessment/expense/db.go:15.22,17.2 1 0
github.com/suwaroj-se/assessment/expense/db.go:19.35,21.2 1 0
github.com/suwaroj-se/assessment/expense/db.go:25.15,28.16 3 0
github.com/suwaroj-se/assessment/expense/db.go:32.2,35.16 3 0
github.com/suwaroj-se/assessment/expense/db.go:28.16,30.3 1 0
github.com/suwaroj-se/assessment/expense/db.go:35.16,37.3 1 0
github.com/suwaroj-se/assessment/expense/db.go:40.16,42.2 1 0
github.com/suwaroj-se/assessment/expense/get.go:11.61,16.13 4 1
github.com/suwaroj-se/assessment/expense/get.go:17.21,18.73 1 1
github.com/suwaroj-se/assessment/expense/get.go:19.11,20.35 1 1
github.com/suwaroj-se/assessment/expense/get.go:21.10,22.100 1 1
